Update Managed Component C? From CMP-001-00078-4[Capacitor 1µF +/-40% 50V 0603] To CMP-001-00078-4[Capacitor 1µF +/-40% 50V 0603] in Sheet2.SchDoc
Update Managed Component C? From CMP-001-00031-7[ECA-1HM470] To CMP-001-00031-7[ECA-1HM470] in Sheet2.SchDoc
Update Managed Component C? From CMP-001-00031-7[ECA-1HM470] To CMP-001-00031-7[ECA-1HM470] in Sheet2.SchDoc
Update Managed Component C? From CMP-001-00003-6[Capacitor 1 uF +/- 10% 16 V 0603] To CMP-001-00003-6[Capacitor 1 uF +/- 10% 16 V 0603] in Sheet2.SchDoc
Update Managed Component C? From CMP-001-00078-4[Capacitor 1µF +/-40% 50V 0603] To CMP-001-00078-4[Capacitor 1µF +/-40% 50V 0603] in Sheet2.SchDoc
Update Managed Component C? From CMP-001-00031-7[ECA-1HM470] To CMP-001-00031-7[ECA-1HM470] in Sheet2.SchDoc
Update Managed Component C? From CMP-001-00031-7[ECA-1HM470] To CMP-001-00031-7[ECA-1HM470] in Sheet2.SchDoc
Update Managed Component C? From CMP-001-00003-6[Capacitor 1 uF +/- 10% 16 V 0603] To CMP-001-00003-6[Capacitor 1 uF +/- 10% 16 V 0603] in Sheet2.SchDoc
Update Managed Component C? From CMP-001-00078-4[Capacitor 1µF +/-40% 50V 0603] To CMP-001-00078-4[Capacitor 1µF +/-40% 50V 0603] in Sheet2.SchDoc
Update Managed Component C? From CMP-001-00031-7[ECA-1HM470] To CMP-001-00031-7[ECA-1HM470] in Sheet2.SchDoc
Update Managed Component C? From CMP-001-00031-7[ECA-1HM470] To CMP-001-00031-7[ECA-1HM470] in Sheet2.SchDoc
Update Managed Component C? From CMP-001-00003-6[Capacitor 1 uF +/- 10% 16 V 0603] To CMP-001-00003-6[Capacitor 1 uF +/- 10% 16 V 0603] in Sheet2.SchDoc
Update Managed Component C? From CMP-001-00054-4[Capacitor 100µF +/-20% 6.3V 0805] To CMP-001-00054-4[Capacitor 100µF +/-20% 6.3V 0805] in Sheet2.SchDoc
Update Managed Component C? From CMP-001-00019-6[Capacitor 100 uF +/- 20% 6.3 V 1206] To CMP-001-00019-6[Capacitor 100 uF +/- 20% 6.3 V 1206] in Sheet2.SchDoc
Update Managed Component C? From CMP-001-00054-4[Capacitor 100µF +/-20% 6.3V 0805] To CMP-001-00054-4[Capacitor 100µF +/-20% 6.3V 0805] in Sheet2.SchDoc
Update Managed Component C? From CMP-001-00019-6[Capacitor 100 uF +/- 20% 6.3 V 1206] To CMP-001-00019-6[Capacitor 100 uF +/- 20% 6.3 V 1206] in Sheet2.SchDoc
Update Managed Component C? From CMP-001-00054-4[Capacitor 100µF +/-20% 6.3V 0805] To CMP-001-00054-4[Capacitor 100µF +/-20% 6.3V 0805] in Sheet2.SchDoc
Update Managed Component C? From CMP-001-00019-6[Capacitor 100 uF +/- 20% 6.3 V 1206] To CMP-001-00019-6[Capacitor 100 uF +/- 20% 6.3 V 1206] in Sheet2.SchDoc
Update Managed Component C? From CMP-001-00054-4[Capacitor 100µF +/-20% 6.3V 0805] To CMP-001-00054-4[Capacitor 100µF +/-20% 6.3V 0805] in Sheet2.SchDoc
Update Managed Component C? From CMP-001-00054-4[Capacitor 100µF +/-20% 6.3V 0805] To CMP-001-00054-4[Capacitor 100µF +/-20% 6.3V 0805] in Sheet2.SchDoc
Update Managed Component C? From CMP-001-00054-4[Capacitor 100µF +/-20% 6.3V 0805] To CMP-001-00054-4[Capacitor 100µF +/-20% 6.3V 0805] in Sheet2.SchDoc
Update Managed Component CN? From CMP-002-00051-3[0532610271] To CMP-002-00051-3[0532610271] in Sheet2.SchDoc
Update Managed Component CN? From CMP-002-00051-3[0532610271] To CMP-002-00051-3[0532610271] in Sheet2.SchDoc
Update Managed Component Heater? From CMP-002-00051-3[0532610271] To CMP-002-00051-3[0532610271] in Sheet2.SchDoc
Replace Part J? ESQ-126-13-L-D in C:\Users\mesha\Desktop\All Files\CleanTech Open\Irradiance Research Proposal\Drone WPT Project\FOA DoE\Omarichet_EPS\Sheet2.SchDoc with ESQ-126-13-L-D from ESQ-126-13-L-D.SchLib
Update Managed Component J? From CMP-009-00061-2[JUMPER] To CMP-009-00061-2[JUMPER] in Sheet2.SchDoc
Update Managed Component J? From CMP-009-00061-2[JUMPER] To CMP-009-00061-2[JUMPER] in Sheet2.SchDoc
Update Managed Component J? From CMP-009-00061-2[JUMPER] To CMP-009-00061-2[JUMPER] in Sheet2.SchDoc
Update Managed Component R? From CMP-009-00001-5[Resistor 0R +/- 1% 0805 125 mW] To CMP-009-00001-5[Resistor 0R +/- 1% 0805 125 mW] in Sheet2.SchDoc
Update Managed Component R? From CMP-009-00001-5[Resistor 0R +/- 1% 0805 125 mW] To CMP-009-00001-5[Resistor 0R +/- 1% 0805 125 mW] in Sheet2.SchDoc
Update Managed Component R? From CMP-009-00034-5[Resistor 4k7 +/-1% 0402 63 mW] To CMP-009-00034-5[Resistor 4k7 +/-1% 0402 63 mW] in Sheet2.SchDoc
Update Managed Component R? From CMP-009-00009-5[Resistor 1k +/-1% 0402 100 mW] To CMP-009-00009-5[Resistor 1k +/-1% 0402 100 mW] in Sheet2.SchDoc
Update Managed Component R? From CMP-009-00006-5[Resistor 0R +/- 5% 0603 100 mW] To CMP-009-00006-5[Resistor 0R +/- 5% 0603 100 mW] in Sheet2.SchDoc
Update Managed Component R? From CMP-009-00171-3[Resistor 25K5 +/-1 % 0402 63 mW] To CMP-009-00171-3[Resistor 25K5 +/-1 % 0402 63 mW] in Sheet2.SchDoc
Update Managed Component R? From CMP-009-00168-3[Resistor 100K +/-1 % 0402 63 mW] To CMP-009-00168-3[Resistor 100K +/-1 % 0402 63 mW] in Sheet2.SchDoc
Update Managed Component R? From CMP-009-00023-5[Resistor 100k +/-1% 0603 100 mW] To CMP-009-00023-5[Resistor 100k +/-1% 0603 100 mW] in Sheet2.SchDoc
Update Managed Component R? From CMP-009-00011-5[Resistor 1k +/-1% 1206 250 mW] To CMP-009-00011-5[Resistor 1k +/-1% 1206 250 mW] in Sheet2.SchDoc
Update Managed Component R? From CMP-009-00012-5[Resistor 1k +/-1% 0402 63 mW] To CMP-009-00012-5[Resistor 1k +/-1% 0402 63 mW] in Sheet2.SchDoc
Update Managed Component R? From CMP-009-00022-5[Resistor 100k +/-1% 0402 100 mW] To CMP-009-00022-5[Resistor 100k +/-1% 0402 100 mW] in Sheet2.SchDoc
Update Managed Component R? From CMP-009-00023-5[Resistor 100k +/-1% 0603 100 mW] To CMP-009-00023-5[Resistor 100k +/-1% 0603 100 mW] in Sheet2.SchDoc
Update Managed Component R? From CMP-009-00011-5[Resistor 1k +/-1% 1206 250 mW] To CMP-009-00011-5[Resistor 1k +/-1% 1206 250 mW] in Sheet2.SchDoc
Update Managed Component R? From CMP-009-00157-3[Resistor 1K +/-5 % 0402 63 mW] To CMP-009-00157-3[Resistor 1K +/-5 % 0402 63 mW] in Sheet2.SchDoc
Update Managed Component R? From CMP-009-00016-5[Resistor 10k +/-1% 1206 250 mW] To CMP-009-00016-5[Resistor 10k +/-1% 1206 250 mW] in Sheet2.SchDoc
Update Managed Component R? From CMP-009-00016-5[Resistor 10k +/-1% 1206 250 mW] To CMP-009-00016-5[Resistor 10k +/-1% 1206 250 mW] in Sheet2.SchDoc
Update Managed Component R? From CMP-009-00034-5[Resistor 4k7 +/-1% 0402 63 mW] To CMP-009-00034-5[Resistor 4k7 +/-1% 0402 63 mW] in Sheet2.SchDoc
Update Managed Component R? From CMP-009-00157-3[Resistor 1K +/-5 % 0402 63 mW] To CMP-009-00157-3[Resistor 1K +/-5 % 0402 63 mW] in Sheet2.SchDoc
Update Managed Component R? From CMP-009-00016-5[Resistor 10k +/-1% 1206 250 mW] To CMP-009-00016-5[Resistor 10k +/-1% 1206 250 mW] in Sheet2.SchDoc
Update Managed Component R? From CMP-009-00016-5[Resistor 10k +/-1% 1206 250 mW] To CMP-009-00016-5[Resistor 10k +/-1% 1206 250 mW] in Sheet2.SchDoc
Update Managed Component R? From CMP-009-00034-5[Resistor 4k7 +/-1% 0402 63 mW] To CMP-009-00034-5[Resistor 4k7 +/-1% 0402 63 mW] in Sheet2.SchDoc
Update Managed Component R? From CMP-009-00157-3[Resistor 1K +/-5 % 0402 63 mW] To CMP-009-00157-3[Resistor 1K +/-5 % 0402 63 mW] in Sheet2.SchDoc
Update Managed Component R? From CMP-009-00016-5[Resistor 10k +/-1% 1206 250 mW] To CMP-009-00016-5[Resistor 10k +/-1% 1206 250 mW] in Sheet2.SchDoc
Update Managed Component R? From CMP-009-00016-5[Resistor 10k +/-1% 1206 250 mW] To CMP-009-00016-5[Resistor 10k +/-1% 1206 250 mW] in Sheet2.SchDoc
Update Managed Component R? From CMP-009-00167-3[Resistor 100R +/-1 % 0402 63 mW] To CMP-009-00167-3[Resistor 100R +/-1 % 0402 63 mW] in Sheet2.SchDoc
Update Managed Component R? From CMP-009-00118-3[Resistor 1K +/-5% 0805 125 mW] To CMP-009-00118-3[Resistor 1K +/-5% 0805 125 mW] in Sheet2.SchDoc
Update Managed Component R? From CMP-009-00158-3[Resistor 4K7  +/-1 % 0402 63 mW] To CMP-009-00158-3[Resistor 4K7  +/-1 % 0402 63 mW] in Sheet2.SchDoc
Update Managed Component R? From CMP-009-00001-5[Resistor 0R +/- 1% 0805 125 mW] To CMP-009-00001-5[Resistor 0R +/- 1% 0805 125 mW] in Sheet2.SchDoc
Update Managed Component R? From CMP-009-00001-5[Resistor 0R +/- 1% 0805 125 mW] To CMP-009-00001-5[Resistor 0R +/- 1% 0805 125 mW] in Sheet2.SchDoc
Update Managed Component R? From CMP-009-00009-5[Resistor 1k +/-1% 0402 100 mW] To CMP-009-00009-5[Resistor 1k +/-1% 0402 100 mW] in Sheet2.SchDoc
Update Managed Component R? From CMP-009-00167-3[Resistor 100R +/-1 % 0402 63 mW] To CMP-009-00167-3[Resistor 100R +/-1 % 0402 63 mW] in Sheet2.SchDoc
Update Managed Component R? From CMP-009-00118-3[Resistor 1K +/-5% 0805 125 mW] To CMP-009-00118-3[Resistor 1K +/-5% 0805 125 mW] in Sheet2.SchDoc
Update Managed Component R? From CMP-009-00158-3[Resistor 4K7  +/-1 % 0402 63 mW] To CMP-009-00158-3[Resistor 4K7  +/-1 % 0402 63 mW] in Sheet2.SchDoc
Update Managed Component R? From CMP-009-00001-5[Resistor 0R +/- 1% 0805 125 mW] To CMP-009-00001-5[Resistor 0R +/- 1% 0805 125 mW] in Sheet2.SchDoc
Update Managed Component R? From CMP-009-00001-5[Resistor 0R +/- 1% 0805 125 mW] To CMP-009-00001-5[Resistor 0R +/- 1% 0805 125 mW] in Sheet2.SchDoc
Update Managed Component R? From CMP-009-00009-5[Resistor 1k +/-1% 0402 100 mW] To CMP-009-00009-5[Resistor 1k +/-1% 0402 100 mW] in Sheet2.SchDoc
Update Managed Component R? From CMP-009-00167-3[Resistor 100R +/-1 % 0402 63 mW] To CMP-009-00167-3[Resistor 100R +/-1 % 0402 63 mW] in Sheet2.SchDoc
Update Managed Component R? From CMP-009-00118-3[Resistor 1K +/-5% 0805 125 mW] To CMP-009-00118-3[Resistor 1K +/-5% 0805 125 mW] in Sheet2.SchDoc
Update Managed Component R? From CMP-009-00158-3[Resistor 4K7  +/-1 % 0402 63 mW] To CMP-009-00158-3[Resistor 4K7  +/-1 % 0402 63 mW] in Sheet2.SchDoc
