Update Managed Component C? From CMP-001-00079-4[Capacitor 10µF +/-20% 25V 0805] To CMP-001-00079-4[Capacitor 10µF +/-20% 25V 0805] in Sheet3.SchDoc
Update Managed Component C? From CMP-001-00079-4[Capacitor 10µF +/-20% 25V 0805] To CMP-001-00079-4[Capacitor 10µF +/-20% 25V 0805] in Sheet3.SchDoc
Update Managed Component C? From CMP-001-00079-4[Capacitor 10µF +/-20% 25V 0805] To CMP-001-00079-4[Capacitor 10µF +/-20% 25V 0805] in Sheet3.SchDoc
Update Managed Component C? From CMP-001-00079-4[Capacitor 10µF +/-20% 25V 0805] To CMP-001-00079-4[Capacitor 10µF +/-20% 25V 0805] in Sheet3.SchDoc
Update Managed Component C? From CMP-001-00079-4[Capacitor 10µF +/-20% 25V 0805] To CMP-001-00079-4[Capacitor 10µF +/-20% 25V 0805] in Sheet3.SchDoc
Update Managed Component C? From CMP-001-00079-4[Capacitor 10µF +/-20% 25V 0805] To CMP-001-00079-4[Capacitor 10µF +/-20% 25V 0805] in Sheet3.SchDoc
Update Managed Component C? From CMP-001-00079-4[Capacitor 10µF +/-20% 25V 0805] To CMP-001-00079-4[Capacitor 10µF +/-20% 25V 0805] in Sheet3.SchDoc
Update Managed Component C? From CMP-001-00079-4[Capacitor 10µF +/-20% 25V 0805] To CMP-001-00079-4[Capacitor 10µF +/-20% 25V 0805] in Sheet3.SchDoc
Update Managed Component C? From CMP-001-00079-4[Capacitor 10µF +/-20% 25V 0805] To CMP-001-00079-4[Capacitor 10µF +/-20% 25V 0805] in Sheet3.SchDoc
Update Managed Component C? From CMP-001-00079-4[Capacitor 10µF +/-20% 25V 0805] To CMP-001-00079-4[Capacitor 10µF +/-20% 25V 0805] in Sheet3.SchDoc
Update Managed Component C? From CMP-001-00079-4[Capacitor 10µF +/-20% 25V 0805] To CMP-001-00079-4[Capacitor 10µF +/-20% 25V 0805] in Sheet3.SchDoc
Update Managed Component C? From CMP-001-00079-4[Capacitor 10µF +/-20% 25V 0805] To CMP-001-00079-4[Capacitor 10µF +/-20% 25V 0805] in Sheet3.SchDoc
Update Managed Component C? From CMP-001-00079-4[Capacitor 10µF +/-20% 25V 0805] To CMP-001-00079-4[Capacitor 10µF +/-20% 25V 0805] in Sheet3.SchDoc
Update Managed Component C? From CMP-001-00079-4[Capacitor 10µF +/-20% 25V 0805] To CMP-001-00079-4[Capacitor 10µF +/-20% 25V 0805] in Sheet3.SchDoc
Update Managed Component C? From CMP-001-00079-4[Capacitor 10µF +/-20% 25V 0805] To CMP-001-00079-4[Capacitor 10µF +/-20% 25V 0805] in Sheet3.SchDoc
Update Managed Component C? From CMP-001-00079-4[Capacitor 10µF +/-20% 25V 0805] To CMP-001-00079-4[Capacitor 10µF +/-20% 25V 0805] in Sheet3.SchDoc
Update Managed Component C? From CMP-001-00079-4[Capacitor 10µF +/-20% 25V 0805] To CMP-001-00079-4[Capacitor 10µF +/-20% 25V 0805] in Sheet3.SchDoc
Update Managed Component C? From CMP-001-00079-4[Capacitor 10µF +/-20% 25V 0805] To CMP-001-00079-4[Capacitor 10µF +/-20% 25V 0805] in Sheet3.SchDoc
Update Managed Component C? From CMP-001-00079-4[Capacitor 10µF +/-20% 25V 0805] To CMP-001-00079-4[Capacitor 10µF +/-20% 25V 0805] in Sheet3.SchDoc
Update Managed Component C? From CMP-001-00079-4[Capacitor 10µF +/-20% 25V 0805] To CMP-001-00079-4[Capacitor 10µF +/-20% 25V 0805] in Sheet3.SchDoc
Update Managed Component Q? From CMP-014-00026-2[MMBT3904] To CMP-014-00026-2[MMBT3904] in Sheet3.SchDoc
Update Managed Component Q? From CMP-014-00026-2[MMBT3904] To CMP-014-00026-2[MMBT3904] in Sheet3.SchDoc
Update Managed Component Q? From CMP-014-00026-2[MMBT3904] To CMP-014-00026-2[MMBT3904] in Sheet3.SchDoc
Update Managed Component Q? From CMP-014-00026-2[MMBT3904] To CMP-014-00026-2[MMBT3904] in Sheet3.SchDoc
Update Managed Component Q? From CMP-014-00026-2[MMBT3904] To CMP-014-00026-2[MMBT3904] in Sheet3.SchDoc
Update Managed Component Q? From CMP-014-00026-2[MMBT3904] To CMP-014-00026-2[MMBT3904] in Sheet3.SchDoc
Update Managed Component Q? From CMP-014-00026-2[MMBT3904] To CMP-014-00026-2[MMBT3904] in Sheet3.SchDoc
Update Managed Component Q? From CMP-014-00026-2[MMBT3904] To CMP-014-00026-2[MMBT3904] in Sheet3.SchDoc
Update Managed Component R? From CMP-009-00032-5[Resistor 4k7 +/-1% 0805 125 mW] To CMP-009-00032-5[Resistor 4k7 +/-1% 0805 125 mW] in Sheet3.SchDoc
Update Managed Component R? From CMP-009-00119-3[Resistor 7mR +/-1% 1206 63 mW] To CMP-009-00119-3[Resistor 7mR +/-1% 1206 63 mW] in Sheet3.SchDoc
Update Managed Component R? From CMP-009-00009-5[Resistor 1k +/-1% 0402 100 mW] To CMP-009-00009-5[Resistor 1k +/-1% 0402 100 mW] in Sheet3.SchDoc
Update Managed Component R? From CMP-009-00119-3[Resistor 7mR +/-1% 1206 63 mW] To CMP-009-00119-3[Resistor 7mR +/-1% 1206 63 mW] in Sheet3.SchDoc
Update Managed Component R? From CMP-009-00119-3[Resistor 7mR +/-1% 1206 63 mW] To CMP-009-00119-3[Resistor 7mR +/-1% 1206 63 mW] in Sheet3.SchDoc
Update Managed Component R? From CMP-009-00119-3[Resistor 7mR +/-1% 1206 63 mW] To CMP-009-00119-3[Resistor 7mR +/-1% 1206 63 mW] in Sheet3.SchDoc
Update Managed Component R? From CMP-009-00119-3[Resistor 7mR +/-1% 1206 63 mW] To CMP-009-00119-3[Resistor 7mR +/-1% 1206 63 mW] in Sheet3.SchDoc
Update Managed Component R? From CMP-009-00119-3[Resistor 7mR +/-1% 1206 63 mW] To CMP-009-00119-3[Resistor 7mR +/-1% 1206 63 mW] in Sheet3.SchDoc
Update Managed Component R? From CMP-009-00032-5[Resistor 4k7 +/-1% 0805 125 mW] To CMP-009-00032-5[Resistor 4k7 +/-1% 0805 125 mW] in Sheet3.SchDoc
Update Managed Component R? From CMP-009-00009-5[Resistor 1k +/-1% 0402 100 mW] To CMP-009-00009-5[Resistor 1k +/-1% 0402 100 mW] in Sheet3.SchDoc
Update Managed Component R? From CMP-009-00119-3[Resistor 7mR +/-1% 1206 63 mW] To CMP-009-00119-3[Resistor 7mR +/-1% 1206 63 mW] in Sheet3.SchDoc
Update Managed Component R? From CMP-009-00119-3[Resistor 7mR +/-1% 1206 63 mW] To CMP-009-00119-3[Resistor 7mR +/-1% 1206 63 mW] in Sheet3.SchDoc
Update Managed Component R? From CMP-009-00032-5[Resistor 4k7 +/-1% 0805 125 mW] To CMP-009-00032-5[Resistor 4k7 +/-1% 0805 125 mW] in Sheet3.SchDoc
Update Managed Component R? From CMP-009-00009-5[Resistor 1k +/-1% 0402 100 mW] To CMP-009-00009-5[Resistor 1k +/-1% 0402 100 mW] in Sheet3.SchDoc
Update Managed Component R? From CMP-009-00119-3[Resistor 7mR +/-1% 1206 63 mW] To CMP-009-00119-3[Resistor 7mR +/-1% 1206 63 mW] in Sheet3.SchDoc
Update Managed Component R? From CMP-009-00119-3[Resistor 7mR +/-1% 1206 63 mW] To CMP-009-00119-3[Resistor 7mR +/-1% 1206 63 mW] in Sheet3.SchDoc
Update Managed Component R? From CMP-009-00032-5[Resistor 4k7 +/-1% 0805 125 mW] To CMP-009-00032-5[Resistor 4k7 +/-1% 0805 125 mW] in Sheet3.SchDoc
Update Managed Component R? From CMP-009-00009-5[Resistor 1k +/-1% 0402 100 mW] To CMP-009-00009-5[Resistor 1k +/-1% 0402 100 mW] in Sheet3.SchDoc
Update Managed Component R? From CMP-009-00119-3[Resistor 7mR +/-1% 1206 63 mW] To CMP-009-00119-3[Resistor 7mR +/-1% 1206 63 mW] in Sheet3.SchDoc
Update Managed Component R? From CMP-009-00119-3[Resistor 7mR +/-1% 1206 63 mW] To CMP-009-00119-3[Resistor 7mR +/-1% 1206 63 mW] in Sheet3.SchDoc
Update Managed Component R? From CMP-009-00032-5[Resistor 4k7 +/-1% 0805 125 mW] To CMP-009-00032-5[Resistor 4k7 +/-1% 0805 125 mW] in Sheet3.SchDoc
Update Managed Component R? From CMP-009-00009-5[Resistor 1k +/-1% 0402 100 mW] To CMP-009-00009-5[Resistor 1k +/-1% 0402 100 mW] in Sheet3.SchDoc
Update Managed Component R? From CMP-009-00119-3[Resistor 7mR +/-1% 1206 63 mW] To CMP-009-00119-3[Resistor 7mR +/-1% 1206 63 mW] in Sheet3.SchDoc
Update Managed Component R? From CMP-009-00119-3[Resistor 7mR +/-1% 1206 63 mW] To CMP-009-00119-3[Resistor 7mR +/-1% 1206 63 mW] in Sheet3.SchDoc
Update Managed Component R? From CMP-009-00032-5[Resistor 4k7 +/-1% 0805 125 mW] To CMP-009-00032-5[Resistor 4k7 +/-1% 0805 125 mW] in Sheet3.SchDoc
Update Managed Component R? From CMP-009-00009-5[Resistor 1k +/-1% 0402 100 mW] To CMP-009-00009-5[Resistor 1k +/-1% 0402 100 mW] in Sheet3.SchDoc
Update Managed Component R? From CMP-009-00119-3[Resistor 7mR +/-1% 1206 63 mW] To CMP-009-00119-3[Resistor 7mR +/-1% 1206 63 mW] in Sheet3.SchDoc
Update Managed Component R? From CMP-009-00119-3[Resistor 7mR +/-1% 1206 63 mW] To CMP-009-00119-3[Resistor 7mR +/-1% 1206 63 mW] in Sheet3.SchDoc
Update Managed Component R? From CMP-009-00032-5[Resistor 4k7 +/-1% 0805 125 mW] To CMP-009-00032-5[Resistor 4k7 +/-1% 0805 125 mW] in Sheet3.SchDoc
Update Managed Component R? From CMP-009-00009-5[Resistor 1k +/-1% 0402 100 mW] To CMP-009-00009-5[Resistor 1k +/-1% 0402 100 mW] in Sheet3.SchDoc
Update Managed Component R? From CMP-009-00119-3[Resistor 7mR +/-1% 1206 63 mW] To CMP-009-00119-3[Resistor 7mR +/-1% 1206 63 mW] in Sheet3.SchDoc
Update Managed Component R? From CMP-009-00119-3[Resistor 7mR +/-1% 1206 63 mW] To CMP-009-00119-3[Resistor 7mR +/-1% 1206 63 mW] in Sheet3.SchDoc
Update Managed Component R? From CMP-009-00009-5[Resistor 1k +/-1% 0402 100 mW] To CMP-009-00009-5[Resistor 1k +/-1% 0402 100 mW] in Sheet3.SchDoc
Update Managed Component R? From CMP-009-00119-3[Resistor 7mR +/-1% 1206 63 mW] To CMP-009-00119-3[Resistor 7mR +/-1% 1206 63 mW] in Sheet3.SchDoc
Update Managed Component R? From CMP-009-00119-3[Resistor 7mR +/-1% 1206 63 mW] To CMP-009-00119-3[Resistor 7mR +/-1% 1206 63 mW] in Sheet3.SchDoc
Update Managed Component R? From CMP-009-00032-5[Resistor 4k7 +/-1% 0805 125 mW] To CMP-009-00032-5[Resistor 4k7 +/-1% 0805 125 mW] in Sheet3.SchDoc
