Update Managed Component C? From CMP-001-00076-4[Capacitor 4.7µF +/-20% 10V 0603] To CMP-001-00076-4[Capacitor 4.7µF +/-20% 10V 0603] in Sheet1.SchDoc
Update Managed Component C? From CMP-001-00076-4[Capacitor 4.7µF +/-20% 10V 0603] To CMP-001-00076-4[Capacitor 4.7µF +/-20% 10V 0603] in Sheet1.SchDoc
Update Managed Component C? From CMP-001-00081-4[Capacitor 22µF +/-40% 16V 0805] To CMP-001-00081-4[Capacitor 22µF +/-40% 16V 0805] in Sheet1.SchDoc
Update Managed Component C? From CMP-001-00056-4[Capacitor 2,2µF +/-20% 10V 0402] To CMP-001-00056-4[Capacitor 2,2µF +/-20% 10V 0402] in Sheet1.SchDoc
Update Managed Component C? From CMP-001-00081-4[Capacitor 22µF +/-40% 16V 0805] To CMP-001-00081-4[Capacitor 22µF +/-40% 16V 0805] in Sheet1.SchDoc
Update Managed Component C? From CMP-001-00076-4[Capacitor 4.7µF +/-20% 10V 0603] To CMP-001-00076-4[Capacitor 4.7µF +/-20% 10V 0603] in Sheet1.SchDoc
Update Managed Component C? From CMP-001-00076-4[Capacitor 4.7µF +/-20% 10V 0603] To CMP-001-00076-4[Capacitor 4.7µF +/-20% 10V 0603] in Sheet1.SchDoc
Update Managed Component C? From CMP-001-00076-4[Capacitor 4.7µF +/-20% 10V 0603] To CMP-001-00076-4[Capacitor 4.7µF +/-20% 10V 0603] in Sheet1.SchDoc
Update Managed Component C? From CMP-001-00076-4[Capacitor 4.7µF +/-20% 10V 0603] To CMP-001-00076-4[Capacitor 4.7µF +/-20% 10V 0603] in Sheet1.SchDoc
Update Managed Component C? From CMP-001-00060-4[Capacitor 470nF +/-40% 10V 0402] To CMP-001-00060-4[Capacitor 470nF +/-40% 10V 0402] in Sheet1.SchDoc
Update Managed Component C? From CMP-001-00076-4[Capacitor 4.7µF +/-20% 10V 0603] To CMP-001-00076-4[Capacitor 4.7µF +/-20% 10V 0603] in Sheet1.SchDoc
Update Managed Component C? From CMP-001-00064-3[Capacitor 33µF +/-20% 25V 2917] To CMP-001-00064-3[Capacitor 33µF +/-20% 25V 2917] in Sheet1.SchDoc
Update Managed Component C? From CMP-001-00064-3[Capacitor 33µF +/-20% 25V 2917] To CMP-001-00064-3[Capacitor 33µF +/-20% 25V 2917] in Sheet1.SchDoc
Update Managed Component C? From CMP-001-00008-6[Capacitor 1 uF +/- 10% 6.3 V 0402] To CMP-001-00008-6[Capacitor 1 uF +/- 10% 6.3 V 0402] in Sheet1.SchDoc
Update Managed Component C? From CMP-001-00003-6[Capacitor 1 uF +/- 10% 16 V 0603] To CMP-001-00003-6[Capacitor 1 uF +/- 10% 16 V 0603] in Sheet1.SchDoc
Update Managed Component C? From CMP-001-00003-6[Capacitor 1 uF +/- 10% 16 V 0603] To CMP-001-00003-6[Capacitor 1 uF +/- 10% 16 V 0603] in Sheet1.SchDoc
Update Managed Component C? From CMP-001-00003-6[Capacitor 1 uF +/- 10% 16 V 0603] To CMP-001-00003-6[Capacitor 1 uF +/- 10% 16 V 0603] in Sheet1.SchDoc
Update Managed Component C? From CMP-001-00081-4[Capacitor 22µF +/-40% 16V 0805] To CMP-001-00081-4[Capacitor 22µF +/-40% 16V 0805] in Sheet1.SchDoc
Update Managed Component C? From CMP-001-00081-4[Capacitor 22µF +/-40% 16V 0805] To CMP-001-00081-4[Capacitor 22µF +/-40% 16V 0805] in Sheet1.SchDoc
Update Managed Component C? From CMP-001-00005-6[Capacitor 1 uF +/- 10% 25 V 0603] To CMP-001-00005-6[Capacitor 1 uF +/- 10% 25 V 0603] in Sheet1.SchDoc
Update Managed Component C? From CMP-001-00003-6[Capacitor 1 uF +/- 10% 16 V 0603] To CMP-001-00003-6[Capacitor 1 uF +/- 10% 16 V 0603] in Sheet1.SchDoc
Update Managed Component CN? From CMP-002-00051-3[0532610271] To CMP-002-00051-3[0532610271] in Sheet1.SchDoc
Update Managed Component CN? From CMP-002-00051-3[0532610271] To CMP-002-00051-3[0532610271] in Sheet1.SchDoc
Update Managed Component CN? From CMP-002-00051-3[0532610271] To CMP-002-00051-3[0532610271] in Sheet1.SchDoc
Update Managed Component CN? From CMP-002-00051-3[0532610271] To CMP-002-00051-3[0532610271] in Sheet1.SchDoc
Update Managed Component CN? From CMP-002-00051-3[0532610271] To CMP-002-00051-3[0532610271] in Sheet1.SchDoc
Update Managed Component CN? From CMP-002-00051-3[0532610271] To CMP-002-00051-3[0532610271] in Sheet1.SchDoc
Update Managed Component CN? From CMP-002-00051-3[0532610271] To CMP-002-00051-3[0532610271] in Sheet1.SchDoc
Update Managed Component CN? From CMP-002-00051-3[0532610271] To CMP-002-00051-3[0532610271] in Sheet1.SchDoc
Update Managed Component D? From CMP-004-00021-2[BZX79C3V6] To CMP-004-00021-2[BZX79C3V6] in Sheet1.SchDoc
Update Managed Component D? From CMP-004-00021-2[BZX79C3V6] To CMP-004-00021-2[BZX79C3V6] in Sheet1.SchDoc
Update Managed Component D? From CMP-004-00002-2[1N4148WS-7-F] To CMP-004-00002-2[1N4148WS-7-F] in Sheet1.SchDoc
Update Managed Component D? From CMP-004-00002-2[1N4148WS-7-F] To CMP-004-00002-2[1N4148WS-7-F] in Sheet1.SchDoc
Update Managed Component D? From CMP-004-00021-2[BZX79C3V6] To CMP-004-00021-2[BZX79C3V6] in Sheet1.SchDoc
Update Managed Component D? From CMP-004-00021-2[BZX79C3V6] To CMP-004-00021-2[BZX79C3V6] in Sheet1.SchDoc
Update Managed Component D? From CMP-004-00021-2[BZX79C3V6] To CMP-004-00021-2[BZX79C3V6] in Sheet1.SchDoc
Update Managed Component D? From CMP-004-00021-2[BZX79C3V6] To CMP-004-00021-2[BZX79C3V6] in Sheet1.SchDoc
Update Managed Component J? From CMP-009-00061-2[JUMPER] To CMP-009-00061-2[JUMPER] in Sheet1.SchDoc
Update Managed Component J? From CMP-009-00061-2[JUMPER] To CMP-009-00061-2[JUMPER] in Sheet1.SchDoc
Update Managed Component L? From CMP-006-00006-6[ELJ-RF2N2DFB] To CMP-006-00006-6[ELJ-RF2N2DFB] in Sheet1.SchDoc
Update Managed Component L? From CMP-006-00006-6[ELJ-RF2N2DFB] To CMP-006-00006-6[ELJ-RF2N2DFB] in Sheet1.SchDoc
Update Managed Component L? From CMP-006-00006-6[ELJ-RF2N2DFB] To CMP-006-00006-6[ELJ-RF2N2DFB] in Sheet1.SchDoc
Update Managed Component R? From CMP-009-00020-5[Resistor 10R +/-5% 0402 63 mW] To CMP-009-00020-5[Resistor 10R +/-5% 0402 63 mW] in Sheet1.SchDoc
Update Managed Component R? From CMP-009-00017-5[Resistor 10k +/-1% 0603 100 mW] To CMP-009-00017-5[Resistor 10k +/-1% 0603 100 mW] in Sheet1.SchDoc
Update Managed Component R? From CMP-009-00025-5[Resistor 100k +/-1% 1206 250 mW] To CMP-009-00025-5[Resistor 100k +/-1% 1206 250 mW] in Sheet1.SchDoc
Update Managed Component R? From CMP-009-00023-5[Resistor 100k +/-1% 0603 100 mW] To CMP-009-00023-5[Resistor 100k +/-1% 0603 100 mW] in Sheet1.SchDoc
Update Managed Component R? From CMP-009-00123-3[Resistor 22K  +/-1 % 0402 63 mW] To CMP-009-00123-3[Resistor 22K  +/-1 % 0402 63 mW] in Sheet1.SchDoc
Update Managed Component R? From CMP-009-00127-3[Resistor 232K +/-1 % 0402 63 mW] To CMP-009-00127-3[Resistor 232K +/-1 % 0402 63 mW] in Sheet1.SchDoc
Update Managed Component R? From CMP-009-00138-3[Resistor 2K +/-5 % 0402 63 mW] To CMP-009-00138-3[Resistor 2K +/-5 % 0402 63 mW] in Sheet1.SchDoc
Update Managed Component R? From CMP-009-00151-3[Resistor 1M +/-5 % 0402 63 mW] To CMP-009-00151-3[Resistor 1M +/-5 % 0402 63 mW] in Sheet1.SchDoc
Update Managed Component R? From CMP-009-00006-5[Resistor 0R +/- 5% 0603 100 mW] To CMP-009-00006-5[Resistor 0R +/- 5% 0603 100 mW] in Sheet1.SchDoc
Update Managed Component R? From CMP-009-00119-3[Resistor 7mR +/-1% 1206 63 mW] To CMP-009-00119-3[Resistor 7mR +/-1% 1206 63 mW] in Sheet1.SchDoc
Update Managed Component R? From CMP-009-00119-3[Resistor 7mR +/-1% 1206 63 mW] To CMP-009-00119-3[Resistor 7mR +/-1% 1206 63 mW] in Sheet1.SchDoc
Update Managed Component R? From CMP-009-00046-4[MFR-25FBF52-100R] To CMP-009-00046-4[MFR-25FBF52-100R] in Sheet1.SchDoc
Update Managed Component R? From CMP-009-00010-5[Resistor 1k +/-1% 0805 125 mW] To CMP-009-00010-5[Resistor 1k +/-1% 0805 125 mW] in Sheet1.SchDoc
Update Managed Component R? From CMP-009-00033-5[Resistor 4k7 +/-1% 1206 250 mW] To CMP-009-00033-5[Resistor 4k7 +/-1% 1206 250 mW] in Sheet1.SchDoc
Update Managed Component R? From CMP-009-00010-5[Resistor 1k +/-1% 0805 125 mW] To CMP-009-00010-5[Resistor 1k +/-1% 0805 125 mW] in Sheet1.SchDoc
Update Managed Component R? From CMP-009-00023-5[Resistor 100k +/-1% 0603 100 mW] To CMP-009-00023-5[Resistor 100k +/-1% 0603 100 mW] in Sheet1.SchDoc
Update Managed Component R? From CMP-009-00011-5[Resistor 1k +/-1% 1206 250 mW] To CMP-009-00011-5[Resistor 1k +/-1% 1206 250 mW] in Sheet1.SchDoc
Update Managed Component R? From CMP-009-00118-3[Resistor 1K +/-5% 0805 125 mW] To CMP-009-00118-3[Resistor 1K +/-5% 0805 125 mW] in Sheet1.SchDoc
Update Managed Component R? From CMP-009-00118-3[Resistor 1K +/-5% 0805 125 mW] To CMP-009-00118-3[Resistor 1K +/-5% 0805 125 mW] in Sheet1.SchDoc
Update Managed Component R? From CMP-009-00009-5[Resistor 1k +/-1% 0402 100 mW] To CMP-009-00009-5[Resistor 1k +/-1% 0402 100 mW] in Sheet1.SchDoc
Update Managed Component R? From CMP-009-00047-4[MFR-25FBF52-10K] To CMP-009-00047-4[MFR-25FBF52-10K] in Sheet1.SchDoc
Update Managed Component R? From CMP-009-00047-4[MFR-25FBF52-10K] To CMP-009-00047-4[MFR-25FBF52-10K] in Sheet1.SchDoc
Update Managed Component R? From CMP-009-00006-5[Resistor 0R +/- 5% 0603 100 mW] To CMP-009-00006-5[Resistor 0R +/- 5% 0603 100 mW] in Sheet1.SchDoc
Update Managed Component R? From CMP-009-00171-3[Resistor 25K5 +/-1 % 0402 63 mW] To CMP-009-00171-3[Resistor 25K5 +/-1 % 0402 63 mW] in Sheet1.SchDoc
Update Managed Component R? From CMP-009-00168-3[Resistor 100K +/-1 % 0402 63 mW] To CMP-009-00168-3[Resistor 100K +/-1 % 0402 63 mW] in Sheet1.SchDoc
Update Managed Component R? From CMP-009-00012-5[Resistor 1k +/-1% 0402 63 mW] To CMP-009-00012-5[Resistor 1k +/-1% 0402 63 mW] in Sheet1.SchDoc
Update Managed Component R? From CMP-009-00017-5[Resistor 10k +/-1% 0603 100 mW] To CMP-009-00017-5[Resistor 10k +/-1% 0603 100 mW] in Sheet1.SchDoc
Update Managed Component R? From CMP-009-00126-3[Resistor 383K +/-1 % 0402 63 mW] To CMP-009-00126-3[Resistor 383K +/-1 % 0402 63 mW] in Sheet1.SchDoc
Update Managed Component R? From CMP-009-00073-2[1D6KR2J] To CMP-009-00073-2[1D6KR2J] in Sheet1.SchDoc
Update Managed Component R? From CMP-009-00064-2[100KR2F] To CMP-009-00064-2[100KR2F] in Sheet1.SchDoc
Update Managed Component R? From CMP-009-00021-5[Resistor 100k +/-1% 0402 63 mW] To CMP-009-00021-5[Resistor 100k +/-1% 0402 63 mW] in Sheet1.SchDoc
Update Managed Component R? From CMP-009-00021-5[Resistor 100k +/-1% 0402 63 mW] To CMP-009-00021-5[Resistor 100k +/-1% 0402 63 mW] in Sheet1.SchDoc
Update Managed Component R? From CMP-009-00049-4[MFR-25FBF52-1M] To CMP-009-00049-4[MFR-25FBF52-1M] in Sheet1.SchDoc
Update Managed Component R? From CMP-009-00113-3[953KR2F] To CMP-009-00113-3[953KR2F] in Sheet1.SchDoc
Update Managed Component R? From CMP-009-00025-5[Resistor 100k +/-1% 1206 250 mW] To CMP-009-00025-5[Resistor 100k +/-1% 1206 250 mW] in Sheet1.SchDoc
Update Managed Component R? From CMP-009-00055-4[MFR-25FBF52-475K] To CMP-009-00055-4[MFR-25FBF52-475K] in Sheet1.SchDoc
Update Managed Component R? From CMP-009-00026-5[Resistor 15k +/-1% 0402 63 mW] To CMP-009-00026-5[Resistor 15k +/-1% 0402 63 mW] in Sheet1.SchDoc
Update Managed Component R? From CMP-009-00163-3[Resistor 200K +/-1 % 0402 63 mW] To CMP-009-00163-3[Resistor 200K +/-1 % 0402 63 mW] in Sheet1.SchDoc
Update Managed Component R? From CMP-009-00138-3[Resistor 2K +/-5 % 0402 63 mW] To CMP-009-00138-3[Resistor 2K +/-5 % 0402 63 mW] in Sheet1.SchDoc
Update Managed Component R? From CMP-009-00023-5[Resistor 100k +/-1% 0603 100 mW] To CMP-009-00023-5[Resistor 100k +/-1% 0603 100 mW] in Sheet1.SchDoc
Update Managed Component R? From CMP-009-00023-5[Resistor 100k +/-1% 0603 100 mW] To CMP-009-00023-5[Resistor 100k +/-1% 0603 100 mW] in Sheet1.SchDoc
Update Managed Component R? From CMP-009-00165-3[Resistor 1M +/-1 % 0402 63 mW] To CMP-009-00165-3[Resistor 1M +/-1 % 0402 63 mW] in Sheet1.SchDoc
Update Managed Component R? From CMP-009-00008-5[Resistor 0R +/- 0.05% 1206 250 mW] To CMP-009-00008-5[Resistor 0R +/- 0.05% 1206 250 mW] in Sheet1.SchDoc
Update Managed Component R? From CMP-009-00118-3[Resistor 1K +/-5% 0805 125 mW] To CMP-009-00118-3[Resistor 1K +/-5% 0805 125 mW] in Sheet1.SchDoc
Update Managed Component R? From CMP-009-00119-3[Resistor 7mR +/-1% 1206 63 mW] To CMP-009-00119-3[Resistor 7mR +/-1% 1206 63 mW] in Sheet1.SchDoc
Update Managed Component R? From CMP-009-00119-3[Resistor 7mR +/-1% 1206 63 mW] To CMP-009-00119-3[Resistor 7mR +/-1% 1206 63 mW] in Sheet1.SchDoc
Update Managed Component R? From CMP-009-00118-3[Resistor 1K +/-5% 0805 125 mW] To CMP-009-00118-3[Resistor 1K +/-5% 0805 125 mW] in Sheet1.SchDoc
Update Managed Component R? From CMP-009-00018-5[Resistor 10k +/-1% 0805 125 mW] To CMP-009-00018-5[Resistor 10k +/-1% 0805 125 mW] in Sheet1.SchDoc
Update Managed Component R? From CMP-009-00052-4[MFR-25FBF52-22K1] To CMP-009-00052-4[MFR-25FBF52-22K1] in Sheet1.SchDoc
Update Managed Component R? From CMP-009-00023-5[Resistor 100k +/-1% 0603 100 mW] To CMP-009-00023-5[Resistor 100k +/-1% 0603 100 mW] in Sheet1.SchDoc
Update Managed Component R? From CMP-009-00011-5[Resistor 1k +/-1% 1206 250 mW] To CMP-009-00011-5[Resistor 1k +/-1% 1206 250 mW] in Sheet1.SchDoc
Replace Part U? TPS621361RGXR in C:\Users\mesha\Desktop\All Files\CleanTech Open\Irradiance Research Proposal\Drone WPT Project\FOA DoE\Omarichet_EPS\Sheet1.SchDoc with TPS621361RGXR from TPS621361RGXR.SchLib
Update Managed Component U? From CMP-019-00012-3[CN3065] To CMP-019-00012-3[CN3065] in Sheet1.SchDoc
